Arguments: 
  /Users/gamalshaban/.nvm/versions/node/v12.18.1/bin/node /usr/local/Cellar/yarn/1.22.4/libexec/bin/yarn.js

PATH: 
  /Users/gamalshaban/Library/Android/sdk/emulator:/Users/gamalshaban/Library/Android/sdk/tools:/Users/gamalshaban/Library/Android/sdk/platform-tools:/Users/gamalshaban/.nvm/versions/node/v12.18.1/bin:/Users/gamalshaban/.npm-global/bin:/bin:/usr/bin:/usr/local/bin:/usr/local/bin:/usr/bin:/bin:/usr/sbin:/sbin:/Library/Apple/usr/bin:/Users/gamalshaban/Library/Android/sdk/emulator:/Users/gamalshaban/Library/Android/sdk/tools:/Users/gamalshaban/Library/Android/sdk/platform-tools:/Users/gamalshaban/.npm-global/bin:/Users/gamalshaban/Library/Android/sdk/tools/bin:/Users/gamalshaban/Library/Android/sdk/emulator:/Users/gamalshaban/Library/Android/sdk/tools:/Users/gamalshaban/Library/Android/sdk/tools/bin:/Users/gamalshaban/Library/Android/sdk/platform-tools

Yarn version: 
  1.22.4

Node version: 
  12.18.1

Platform: 
  darwin x64

Trace: 
  SyntaxError: /Users/gamalshaban/Documents/Personal/emptyTemplateProject/package.json: Unexpected token } in JSON at position 1156
      at JSON.parse (<anonymous>)
      at /usr/local/Cellar/yarn/1.22.4/libexec/lib/cli.js:1625:59
      at Generator.next (<anonymous>)
      at step (/usr/local/Cellar/yarn/1.22.4/libexec/lib/cli.js:310:30)
      at /usr/local/Cellar/yarn/1.22.4/libexec/lib/cli.js:321:13

npm manifest: 
  {
    "main": "node_modules/expo/AppEntry.js",
    "scripts": {
      "start": "expo start",
      "android": "expo start --android",
      "ios": "expo start --ios",
      "web": "expo start --web",
      "eject": "expo eject",
      "test": "jest --watchAll"
    },
    "jest": {
      "preset": "jest-expo"
    },
    "dependencies": {
      "@expo/vector-icons": "^10.0.0",
      "@react-native-community/masked-view": "0.1.10",
      "@react-navigation/bottom-tabs": "^5.6.1",
      "@react-navigation/native": "^5.6.1",
      "@react-navigation/stack": "^5.6.2",
      "expo": "~38.0.8",
      "expo-asset": "~8.1.7",
      "expo-constants": "~9.1.1",
      "expo-font": "~8.2.1",
      "expo-linking": "^1.0.1",
      "expo-splash-screen": "~0.3.1",
      "expo-status-bar": "^1.0.2",
      "expo-web-browser": "~8.3.1",
      "react": "~16.11.0",
      "react-dom": "~16.11.0",
      "react-native": "https://github.com/expo/react-native/archive/sdk-38.0.2.tar.gz",
      "react-native-gesture-handler": "~1.6.0",
      "react-native-safe-area-context": "~3.0.7",
      "react-native-screens": "~2.9.0",
      "react-native-web": "~0.11.7",
      "react-i18next": "^11.4.0",
      "react-native-restart": "^0.0.15",
    },
    "devDependencies": {
      "@babel/core": "^7.8.6",
      "@types/react": "~16.9.23",
      "@types/react-native": "~0.62.13",
      "babel-preset-expo": "~8.1.0",
      "jest-expo": "~38.0.0",
      "typescript": "~3.9.5"
    },
    "private": true
  }

yarn manifest: 
  No manifest

Lockfile: 
  No lockfile
